This file contains any messages produced by compilers while
running configure, to aid debugging if configure makes a mistake.

It was created by Google C++ Testing Framework configure 1.6.0, which was
generated by GNU Autoconf 2.69.  Invocation command line was

  $ ./configure --disable-option-checking --prefix=/home/cfs/teamtalk/TeamTalk-master/server/src/protobuf --cache-file=/dev/null --srcdir=.

## --------- ##
## Platform. ##
## --------- ##

hostname = cfs
uname -m = x86_64
uname -r = 5.4.0-65-generic
uname -s = Linux
uname -v = #73~18.04.1-Ubuntu SMP Tue Jan 19 09:02:24 UTC 2021

/usr/bin/uname -p = unknown
/bin/uname -X     = unknown

/bin/arch              = unknown
/usr/bin/arch -k       = unknown
/usr/convex/getsysinfo = unknown
/usr/bin/hostinfo      = unknown
/bin/machine           = unknown
/usr/bin/oslevel       = unknown
/bin/universe          = unknown

PATH: /usr/local/sbin
PATH: /usr/local/bin
PATH: /usr/sbin
PATH: /usr/bin
PATH: /sbin
PATH: /bin
PATH: /snap/bin


## ----------- ##
## Core tests. ##
## ----------- ##

configure:2320: checking for a BSD-compatible install
configure:2388: result: /usr/bin/install -c
configure:2399: checking whether build environment is sane
configure:2454: result: yes
configure:2605: checking for a thread-safe mkdir -p
configure:2644: result: /bin/mkdir -p
configure:2651: checking for gawk
configure:2681: result: no
configure:2651: checking for mawk
configure:2667: found /usr/bin/mawk
configure:2678: result: mawk
configure:2689: checking whether make sets $(MAKE)
configure:2711: result: yes
configure:2740: checking whether make supports nested variables
configure:2757: result: yes
configure:2932: checking for gcc
configure:2948: found /usr/bin/gcc
configure:2959: result: gcc
configure:3188: checking for C compiler version
configure:3197: gcc --version >&5
gcc (Ubuntu 7.5.0-3ubuntu1~18.04) 7.5.0
Copyright (C) 2017 Free Software Foundation, Inc.
This is free software; see the source for copying conditions.  There is NO
warranty; not even for MERCHANTABILITY or FITNESS FOR A PARTICULAR PURPOSE.

configure:3208: $? = 0
configure:3197: gcc -v >&5
Using built-in specs.
COLLECT_GCC=gcc
COLLECT_LTO_WRAPPER=/usr/lib/gcc/x86_64-linux-gnu/7/lto-wrapper
OFFLOAD_TARGET_NAMES=nvptx-none
OFFLOAD_TARGET_DEFAULT=1
Target: x86_64-linux-gnu
Configured with: ../src/configure -v --with-pkgversion='Ubuntu 7.5.0-3ubuntu1~18.04' --with-bugurl=file:///usr/share/doc/gcc-7/README.Bugs --enable-languages=c,ada,c++,go,brig,d,fortran,objc,obj-c++ --prefix=/usr --with-gcc-major-version-only --program-suffix=-7 --program-prefix=x86_64-linux-gnu- --enable-shared --enable-linker-build-id --libexecdir=/usr/lib --without-included-gettext --enable-threads=posix --libdir=/usr/lib --enable-nls --enable-bootstrap --enable-clocale=gnu --enable-libstdcxx-debug --enable-libstdcxx-time=yes --with-default-libstdcxx-abi=new --enable-gnu-unique-object --disable-vtable-verify --enable-libmpx --enable-plugin --enable-default-pie --with-system-zlib --with-target-system-zlib --enable-objc-gc=auto --enable-multiarch --disable-werror --with-arch-32=i686 --with-abi=m64 --with-multilib-list=m32,m64,mx32 --enable-multilib --with-tune=generic --enable-offload-targets=nvptx-none --without-cuda-driver --enable-checking=release --build=x86_64-linux-gnu --host=x86_64-linux-gnu --target=x86_64-linux-gnu
Thread model: posix
gcc version 7.5.0 (Ubuntu 7.5.0-3ubuntu1~18.04) 
configure:3208: $? = 0
configure:3197: gcc -V >&5
gcc: error: unrecognized command line option '-V'
gcc: fatal error: no input files
compilation terminated.
configure:3208: $? = 1
configure:3197: gcc -qversion >&5
gcc: error: unrecognized command line option '-qversion'; did you mean '--version'?
gcc: fatal error: no input files
compilation terminated.
configure:3208: $? = 1
configure:3228: checking whether the C compiler works
configure:3250: gcc    conftest.c  >&5
configure:3254: $? = 0
configure:3302: result: yes
configure:3305: checking for C compiler default output file name
configure:3307: result: a.out
configure:3313: checking for suffix of executables
configure:3320: gcc -o conftest    conftest.c  >&5
configure:3324: $? = 0
configure:3346: result: 
configure:3368: checking whether we are cross compiling
configure:3376: gcc -o conftest    conftest.c  >&5
configure:3380: $? = 0
configure:3387: ./conftest
configure:3391: $? = 0
configure:3406: result: no
configure:3411: checking for suffix of object files
configure:3433: gcc -c   conftest.c >&5
configure:3437: $? = 0
configure:3458: result: o
configure:3462: checking whether we are using the GNU C compiler
configure:3481: gcc -c   conftest.c >&5
configure:3481: $? = 0
configure:3490: result: yes
configure:3499: checking whether gcc accepts -g
configure:3519: gcc -c -g  conftest.c >&5
configure:3519: $? = 0
configure:3560: result: yes
configure:3577: checking for gcc option to accept ISO C89
configure:3640: gcc  -c   conftest.c >&5
configure:3640: $? = 0
configure:3653: result: none needed
configure:3678: checking whether gcc understands -c and -o together
configure:3700: gcc -c conftest.c -o conftest2.o
configure:3703: $? = 0
configure:3700: gcc -c conftest.c -o conftest2.o
configure:3703: $? = 0
configure:3715: result: yes
configure:3743: checking for style of include used by make
configure:3771: result: GNU
configure:3797: checking dependency style of gcc
configure:3908: result: gcc3
configure:3981: checking for g++
configure:3997: found /usr/bin/g++
configure:4008: result: g++
configure:4035: checking for C++ compiler version
configure:4044: g++ --version >&5
g++ (Ubuntu 7.5.0-3ubuntu1~18.04) 7.5.0
Copyright (C) 2017 Free Software Foundation, Inc.
This is free software; see the source for copying conditions.  There is NO
warranty; not even for MERCHANTABILITY or FITNESS FOR A PARTICULAR PURPOSE.

configure:4055: $? = 0
configure:4044: g++ -v >&5
Using built-in specs.
COLLECT_GCC=g++
COLLECT_LTO_WRAPPER=/usr/lib/gcc/x86_64-linux-gnu/7/lto-wrapper
OFFLOAD_TARGET_NAMES=nvptx-none
OFFLOAD_TARGET_DEFAULT=1
Target: x86_64-linux-gnu
Configured with: ../src/configure -v --with-pkgversion='Ubuntu 7.5.0-3ubuntu1~18.04' --with-bugurl=file:///usr/share/doc/gcc-7/README.Bugs --enable-languages=c,ada,c++,go,brig,d,fortran,objc,obj-c++ --prefix=/usr --with-gcc-major-version-only --program-suffix=-7 --program-prefix=x86_64-linux-gnu- --enable-shared --enable-linker-build-id --libexecdir=/usr/lib --without-included-gettext --enable-threads=posix --libdir=/usr/lib --enable-nls --enable-bootstrap --enable-clocale=gnu --enable-libstdcxx-debug --enable-libstdcxx-time=yes --with-default-libstdcxx-abi=new --enable-gnu-unique-object --disable-vtable-verify --enable-libmpx --enable-plugin --enable-default-pie --with-system-zlib --with-target-system-zlib --enable-objc-gc=auto --enable-multiarch --disable-werror --with-arch-32=i686 --with-abi=m64 --with-multilib-list=m32,m64,mx32 --enable-multilib --with-tune=generic --enable-offload-targets=nvptx-none --without-cuda-driver --enable-checking=release --build=x86_64-linux-gnu --host=x86_64-linux-gnu --target=x86_64-linux-gnu
Thread model: posix
gcc version 7.5.0 (Ubuntu 7.5.0-3ubuntu1~18.04) 
configure:4055: $? = 0
configure:4044: g++ -V >&5
g++: error: unrecognized command line option '-V'
g++: fatal error: no input files
compilation terminated.
configure:4055: $? = 1
configure:4044: g++ -qversion >&5
g++: error: unrecognized command line option '-qversion'; did you mean '--version'?
g++: fatal error: no input files
compilation terminated.
configure:4055: $? = 1
configure:4059: checking whether we are using the GNU C++ compiler
configure:4078: g++ -c  -g -DNDEBUG  conftest.cpp >&5
configure:4078: $? = 0
configure:4087: result: yes
configure:4096: checking whether g++ accepts -g
configure:4116: g++ -c -g  conftest.cpp >&5
configure:4116: $? = 0
configure:4157: result: yes
configure:4182: checking dependency style of g++
configure:4293: result: gcc3
configure:4343: checking build system type
configure:4357: result: x86_64-unknown-linux-gnu
configure:4377: checking host system type
configure:4390: result: x86_64-unknown-linux-gnu
configure:4431: checking how to print strings
configure:4458: result: printf
configure:4479: checking for a sed that does not truncate output
configure:4543: result: /bin/sed
configure:4561: checking for grep that handles long lines and -e
configure:4619: result: /bin/grep
configure:4624: checking for egrep
configure:4686: result: /bin/grep -E
configure:4691: checking for fgrep
configure:4753: result: /bin/grep -F
configure:4788: checking for ld used by gcc
configure:4855: result: /usr/bin/ld
configure:4862: checking if the linker (/usr/bin/ld) is GNU ld
configure:4877: result: yes
configure:4889: checking for BSD- or MS-compatible name lister (nm)
configure:4938: result: /usr/bin/nm -B
configure:5068: checking the name lister (/usr/bin/nm -B) interface
configure:5075: g++ -c  -g -DNDEBUG  conftest.cpp >&5
configure:5078: /usr/bin/nm -B "conftest.o"
configure:5081: output
0000000000000000 B some_variable
configure:5088: result: BSD nm
configure:5091: checking whether ln -s works
configure:5095: result: yes
configure:5103: checking the maximum length of command line arguments
configure:5234: result: 1572864
configure:5251: checking whether the shell understands some XSI constructs
configure:5261: result: yes
configure:5265: checking whether the shell understands "+="
configure:5271: result: yes
configure:5306: checking how to convert x86_64-unknown-linux-gnu file names to x86_64-unknown-linux-gnu format
configure:5346: result: func_convert_file_noop
configure:5353: checking how to convert x86_64-unknown-linux-gnu file names to toolchain format
configure:5373: result: func_convert_file_noop
configure:5380: checking for /usr/bin/ld option to reload object files
configure:5387: result: -r
configure:5461: checking for objdump
configure:5477: found /usr/bin/objdump
configure:5488: result: objdump
configure:5520: checking how to recognize dependent libraries
configure:5718: result: pass_all
configure:5803: checking for dlltool
configure:5833: result: no
configure:5863: checking how to associate runtime and link libraries
configure:5890: result: printf %s\n
configure:5951: checking for ar
configure:5967: found /usr/bin/ar
configure:5978: result: ar
configure:6015: checking for archiver @FILE support
configure:6032: g++ -c  -g -DNDEBUG  conftest.cpp >&5
configure:6032: $? = 0
configure:6035: ar cru libconftest.a @conftest.lst >&5
ar: `u' modifier ignored since `D' is the default (see `U')
configure:6038: $? = 0
configure:6043: ar cru libconftest.a @conftest.lst >&5
ar: `u' modifier ignored since `D' is the default (see `U')
ar: conftest.o: No such file or directory
configure:6046: $? = 1
configure:6058: result: @
configure:6116: checking for strip
configure:6132: found /usr/bin/strip
configure:6143: result: strip
configure:6215: checking for ranlib
configure:6231: found /usr/bin/ranlib
configure:6242: result: ranlib
configure:6344: checking command to parse /usr/bin/nm -B output from gcc object
configure:6464: g++ -c  -g -DNDEBUG  conftest.cpp >&5
configure:6467: $? = 0
configure:6471: /usr/bin/nm -B conftest.o \| sed -n -e 's/^.*[ ]\([ABCDGIRSTW][ABCDGIRSTW]*\)[ ][ ]*\([_A-Za-z][_A-Za-z0-9]*\)$/\1 \2 \2/p' | sed '/ __gnu_lto/d' \> conftest.nm
configure:6474: $? = 0
configure:6540: g++ -o conftest  -g -DNDEBUG   conftest.cpp conftstm.o >&5
configure:6543: $? = 0
configure:6581: result: ok
configure:6618: checking for sysroot
configure:6648: result: no
configure:6726: g++ -c  -g -DNDEBUG  conftest.cpp >&5
configure:6729: $? = 0
configure:6918: checking for mt
configure:6934: found /bin/mt
configure:6945: result: mt
configure:6968: checking if mt is a manifest tool
configure:6974: mt '-?'
configure:6982: result: no
configure:7624: checking how to run the C preprocessor
configure:7655: gcc -E  conftest.c
configure:7655: $? = 0
configure:7669: gcc -E  conftest.c
conftest.c:11:10: fatal error: ac_nonexistent.h: No such file or directory
 #include <ac_nonexistent.h>
          ^~~~~~~~~~~~~~~~~~
compilation terminated.
configure:7669: $? = 1
configure: failed program was:
| /* confdefs.h */
| #define PACKAGE_NAME "Google C++ Testing Framework"
| #define PACKAGE_TARNAME "gtest"
| #define PACKAGE_VERSION "1.6.0"
| #define PACKAGE_STRING "Google C++ Testing Framework 1.6.0"
| #define PACKAGE_BUGREPORT "googletestframework@googlegroups.com"
| #define PACKAGE_URL ""
| #define PACKAGE "gtest"
| #define VERSION "1.6.0"
| /* end confdefs.h.  */
| #include <ac_nonexistent.h>
configure:7694: result: gcc -E
configure:7714: gcc -E  conftest.c
configure:7714: $? = 0
configure:7728: gcc -E  conftest.c
conftest.c:11:10: fatal error: ac_nonexistent.h: No such file or directory
 #include <ac_nonexistent.h>
          ^~~~~~~~~~~~~~~~~~
compilation terminated.
configure:7728: $? = 1
configure: failed program was:
| /* confdefs.h */
| #define PACKAGE_NAME "Google C++ Testing Framework"
| #define PACKAGE_TARNAME "gtest"
| #define PACKAGE_VERSION "1.6.0"
| #define PACKAGE_STRING "Google C++ Testing Framework 1.6.0"
| #define PACKAGE_BUGREPORT "googletestframework@googlegroups.com"
| #define PACKAGE_URL ""
| #define PACKAGE "gtest"
| #define VERSION "1.6.0"
| /* end confdefs.h.  */
| #include <ac_nonexistent.h>
configure:7757: checking for ANSI C header files
configure:7777: gcc -c   conftest.c >&5
configure:7777: $? = 0
configure:7850: gcc -o conftest    conftest.c  >&5
configure:7850: $? = 0
configure:7850: ./conftest
configure:7850: $? = 0
configure:7861: result: yes
configure:7874: checking for sys/types.h
configure:7874: gcc -c   conftest.c >&5
configure:7874: $? = 0
configure:7874: result: yes
configure:7874: checking for sys/stat.h
configure:7874: gcc -c   conftest.c >&5
configure:7874: $? = 0
configure:7874: result: yes
configure:7874: checking for stdlib.h
configure:7874: gcc -c   conftest.c >&5
configure:7874: $? = 0
configure:7874: result: yes
configure:7874: checking for string.h
configure:7874: gcc -c   conftest.c >&5
configure:7874: $? = 0
configure:7874: result: yes
configure:7874: checking for memory.h
configure:7874: gcc -c   conftest.c >&5
configure:7874: $? = 0
configure:7874: result: yes
configure:7874: checking for strings.h
configure:7874: gcc -c   conftest.c >&5
configure:7874: $? = 0
configure:7874: result: yes
configure:7874: checking for inttypes.h
configure:7874: gcc -c   conftest.c >&5
configure:7874: $? = 0
configure:7874: result: yes
configure:7874: checking for stdint.h
configure:7874: gcc -c   conftest.c >&5
configure:7874: $? = 0
configure:7874: result: yes
configure:7874: checking for unistd.h
configure:7874: gcc -c   conftest.c >&5
configure:7874: $? = 0
configure:7874: result: yes
configure:7888: checking for dlfcn.h
configure:7888: gcc -c   conftest.c >&5
configure:7888: $? = 0
configure:7888: result: yes
configure:8104: checking for objdir
configure:8119: result: .libs
configure:8390: checking if gcc supports -fno-rtti -fno-exceptions
configure:8408: gcc -c   -fno-rtti -fno-exceptions conftest.c >&5
cc1: warning: command line option '-fno-rtti' is valid for C++/ObjC++ but not for C
configure:8412: $? = 0
configure:8425: result: no
configure:8752: checking for gcc option to produce PIC
configure:8759: result: -fPIC -DPIC
configure:8767: checking if gcc PIC flag -fPIC -DPIC works
configure:8785: gcc -c   -fPIC -DPIC -DPIC conftest.c >&5
configure:8789: $? = 0
configure:8802: result: yes
configure:8831: checking if gcc static flag -static works
configure:8859: result: yes
configure:8874: checking if gcc supports -c -o file.o
configure:8895: gcc -c   -o out/conftest2.o conftest.c >&5
configure:8899: $? = 0
configure:8921: result: yes
configure:8929: checking if gcc supports -c -o file.o
configure:8976: result: yes
configure:9009: checking whether the gcc linker (/usr/bin/ld -m elf_x86_64) supports shared libraries
configure:10166: result: yes
configure:10203: checking whether -lc should be explicitly linked in
configure:10211: gcc -c   conftest.c >&5
configure:10214: $? = 0
configure:10229: gcc -shared  -fPIC -DPIC conftest.o  -v -Wl,-soname -Wl,conftest -o conftest 2\>\&1 \| /bin/grep  -lc  \>/dev/null 2\>\&1
configure:10232: $? = 0
configure:10246: result: no
configure:10406: checking dynamic linker characteristics
configure:10906: gcc -o conftest    -Wl,-rpath -Wl,/foo conftest.c  >&5
configure:10906: $? = 0
configure:11140: result: GNU/Linux ld.so
configure:11247: checking how to hardcode library paths into programs
configure:11272: result: immediate
configure:11812: checking whether stripping libraries is possible
configure:11817: result: yes
configure:11852: checking if libtool supports shared libraries
configure:11854: result: yes
configure:11857: checking whether to build shared libraries
configure:11878: result: yes
configure:11881: checking whether to build static libraries
configure:11885: result: yes
configure:11908: checking how to run the C++ preprocessor
configure:11935: g++ -E  conftest.cpp
configure:11935: $? = 0
configure:11949: g++ -E  conftest.cpp
conftest.cpp:23:10: fatal error: ac_nonexistent.h: No such file or directory
 #include <ac_nonexistent.h>
          ^~~~~~~~~~~~~~~~~~
compilation terminated.
configure:11949: $? = 1
configure: failed program was:
| /* confdefs.h */
| #define PACKAGE_NAME "Google C++ Testing Framework"
| #define PACKAGE_TARNAME "gtest"
| #define PACKAGE_VERSION "1.6.0"
| #define PACKAGE_STRING "Google C++ Testing Framework 1.6.0"
| #define PACKAGE_BUGREPORT "googletestframework@googlegroups.com"
| #define PACKAGE_URL ""
| #define PACKAGE "gtest"
| #define VERSION "1.6.0"
| #define STDC_HEADERS 1
| #define HAVE_SYS_TYPES_H 1
| #define HAVE_SYS_STAT_H 1
| #define HAVE_STDLIB_H 1
| #define HAVE_STRING_H 1
| #define HAVE_MEMORY_H 1
| #define HAVE_STRINGS_H 1
| #define HAVE_INTTYPES_H 1
| #define HAVE_STDINT_H 1
| #define HAVE_UNISTD_H 1
| #define HAVE_DLFCN_H 1
| #define LT_OBJDIR ".libs/"
| /* end confdefs.h.  */
| #include <ac_nonexistent.h>
configure:11974: result: g++ -E
configure:11994: g++ -E  conftest.cpp
configure:11994: $? = 0
configure:12008: g++ -E  conftest.cpp
conftest.cpp:23:10: fatal error: ac_nonexistent.h: No such file or directory
 #include <ac_nonexistent.h>
          ^~~~~~~~~~~~~~~~~~
compilation terminated.
configure:12008: $? = 1
configure: failed program was:
| /* confdefs.h */
| #define PACKAGE_NAME "Google C++ Testing Framework"
| #define PACKAGE_TARNAME "gtest"
| #define PACKAGE_VERSION "1.6.0"
| #define PACKAGE_STRING "Google C++ Testing Framework 1.6.0"
| #define PACKAGE_BUGREPORT "googletestframework@googlegroups.com"
| #define PACKAGE_URL ""
| #define PACKAGE "gtest"
| #define VERSION "1.6.0"
| #define STDC_HEADERS 1
| #define HAVE_SYS_TYPES_H 1
| #define HAVE_SYS_STAT_H 1
| #define HAVE_STDLIB_H 1
| #define HAVE_STRING_H 1
| #define HAVE_MEMORY_H 1
| #define HAVE_STRINGS_H 1
| #define HAVE_INTTYPES_H 1
| #define HAVE_STDINT_H 1
| #define HAVE_UNISTD_H 1
| #define HAVE_DLFCN_H 1
| #define LT_OBJDIR ".libs/"
| /* end confdefs.h.  */
| #include <ac_nonexistent.h>
configure:12177: checking for ld used by g++
configure:12244: result: /usr/bin/ld -m elf_x86_64
configure:12251: checking if the linker (/usr/bin/ld -m elf_x86_64) is GNU ld
configure:12266: result: yes
configure:12321: checking whether the g++ linker (/usr/bin/ld -m elf_x86_64) supports shared libraries
configure:13323: result: yes
configure:13359: g++ -c  -g -DNDEBUG  conftest.cpp >&5
configure:13362: $? = 0
configure:13882: checking for g++ option to produce PIC
configure:13889: result: -fPIC -DPIC
configure:13897: checking if g++ PIC flag -fPIC -DPIC works
configure:13915: g++ -c  -g -DNDEBUG  -fPIC -DPIC -DPIC conftest.cpp >&5
configure:13919: $? = 0
configure:13932: result: yes
configure:13955: checking if g++ static flag -static works
configure:13983: result: yes
configure:13995: checking if g++ supports -c -o file.o
configure:14016: g++ -c  -g -DNDEBUG  -o out/conftest2.o conftest.cpp >&5
configure:14020: $? = 0
configure:14042: result: yes
configure:14047: checking if g++ supports -c -o file.o
configure:14094: result: yes
configure:14124: checking whether the g++ linker (/usr/bin/ld -m elf_x86_64) supports shared libraries
configure:14163: result: yes
configure:14304: checking dynamic linker characteristics
configure:14972: result: GNU/Linux ld.so
configure:15025: checking how to hardcode library paths into programs
configure:15050: result: immediate
configure:15120: checking for python
configure:15138: found /usr/bin/python
configure:15151: result: /usr/bin/python
configure:15169: /usr/bin/python -c import sys # split strings by '.' and convert to numeric. Append some zeros # because we need at least 4 digits for the hex conversion. # map returns an iterator in Python 3.0 and a list in 2.x minver = list(map(int, '2.3'.split('.'))) + [0, 0, 0] minverhex = 0 # xrange is not present in Python 3.0 and range returns an iterator for i in list(range(0, 4)): minverhex = (minverhex << 8) + minver[i] sys.exit(sys.hexversion < minverhex)
configure:15172: $? = 0
configure:15365: checking for the pthreads library -lpthreads
configure:15398: gcc -o conftest     conftest.c -lpthreads  >&5
conftest.c: In function 'main':
conftest.c:28:22: warning: null argument where non-null required (argument 1) [-Wnonnull]
                      pthread_attr_init(0); pthread_cleanup_push(0, 0);
                      ^~~~~~~~~~~~~~~~~
conftest.c:29:22: warning: null argument where non-null required (argument 1) [-Wnonnull]
                      pthread_create(0,0,0,0); pthread_cleanup_pop(0);
                      ^~~~~~~~~~~~~~
conftest.c:29:22: warning: null argument where non-null required (argument 3) [-Wnonnull]
/usr/bin/ld: cannot find -lpthreads
collect2: error: ld returned 1 exit status
configure:15398: $? = 1
configure: failed program was:
| /* confdefs.h */
| #define PACKAGE_NAME "Google C++ Testing Framework"
| #define PACKAGE_TARNAME "gtest"
| #define PACKAGE_VERSION "1.6.0"
| #define PACKAGE_STRING "Google C++ Testing Framework 1.6.0"
| #define PACKAGE_BUGREPORT "googletestframework@googlegroups.com"
| #define PACKAGE_URL ""
| #define PACKAGE "gtest"
| #define VERSION "1.6.0"
| #define STDC_HEADERS 1
| #define HAVE_SYS_TYPES_H 1
| #define HAVE_SYS_STAT_H 1
| #define HAVE_STDLIB_H 1
| #define HAVE_STRING_H 1
| #define HAVE_MEMORY_H 1
| #define HAVE_STRINGS_H 1
| #define HAVE_INTTYPES_H 1
| #define HAVE_STDINT_H 1
| #define HAVE_UNISTD_H 1
| #define HAVE_DLFCN_H 1
| #define LT_OBJDIR ".libs/"
| /* end confdefs.h.  */
| #include <pthread.h>
| int
| main ()
| {
| pthread_t th; pthread_join(th, 0);
|                      pthread_attr_init(0); pthread_cleanup_push(0, 0);
|                      pthread_create(0,0,0,0); pthread_cleanup_pop(0);
|   ;
|   return 0;
| }
configure:15407: result: no
configure:15310: checking whether pthreads work without any flags
configure:15398: gcc -o conftest     conftest.c   >&5
conftest.c: In function 'main':
conftest.c:28:22: warning: null argument where non-null required (argument 1) [-Wnonnull]
                      pthread_attr_init(0); pthread_cleanup_push(0, 0);
                      ^~~~~~~~~~~~~~~~~
conftest.c:29:22: warning: null argument where non-null required (argument 1) [-Wnonnull]
                      pthread_create(0,0,0,0); pthread_cleanup_pop(0);
                      ^~~~~~~~~~~~~~
conftest.c:29:22: warning: null argument where non-null required (argument 3) [-Wnonnull]
/tmp/ccfsDrL9.o: In function `main':
conftest.c:(.text+0x27): undefined reference to `pthread_join'
conftest.c:(.text+0x90): undefined reference to `__pthread_register_cancel'
conftest.c:(.text+0xa9): undefined reference to `pthread_create'
conftest.c:(.text+0xb5): undefined reference to `__pthread_unregister_cancel'
collect2: error: ld returned 1 exit status
configure:15398: $? = 1
configure: failed program was:
| /* confdefs.h */
| #define PACKAGE_NAME "Google C++ Testing Framework"
| #define PACKAGE_TARNAME "gtest"
| #define PACKAGE_VERSION "1.6.0"
| #define PACKAGE_STRING "Google C++ Testing Framework 1.6.0"
| #define PACKAGE_BUGREPORT "googletestframework@googlegroups.com"
| #define PACKAGE_URL ""
| #define PACKAGE "gtest"
| #define VERSION "1.6.0"
| #define STDC_HEADERS 1
| #define HAVE_SYS_TYPES_H 1
| #define HAVE_SYS_STAT_H 1
| #define HAVE_STDLIB_H 1
| #define HAVE_STRING_H 1
| #define HAVE_MEMORY_H 1
| #define HAVE_STRINGS_H 1
| #define HAVE_INTTYPES_H 1
| #define HAVE_STDINT_H 1
| #define HAVE_UNISTD_H 1
| #define HAVE_DLFCN_H 1
| #define LT_OBJDIR ".libs/"
| /* end confdefs.h.  */
| #include <pthread.h>
| int
| main ()
| {
| pthread_t th; pthread_join(th, 0);
|                      pthread_attr_init(0); pthread_cleanup_push(0, 0);
|                      pthread_create(0,0,0,0); pthread_cleanup_pop(0);
|   ;
|   return 0;
| }
configure:15407: result: no
configure:15315: checking whether pthreads work with -Kthread
configure:15398: gcc -o conftest  -Kthread   conftest.c   >&5
gcc: error: unrecognized command line option '-Kthread'; did you mean '-pthread'?
configure:15398: $? = 1
configure: failed program was:
| /* confdefs.h */
| #define PACKAGE_NAME "Google C++ Testing Framework"
| #define PACKAGE_TARNAME "gtest"
| #define PACKAGE_VERSION "1.6.0"
| #define PACKAGE_STRING "Google C++ Testing Framework 1.6.0"
| #define PACKAGE_BUGREPORT "googletestframework@googlegroups.com"
| #define PACKAGE_URL ""
| #define PACKAGE "gtest"
| #define VERSION "1.6.0"
| #define STDC_HEADERS 1
| #define HAVE_SYS_TYPES_H 1
| #define HAVE_SYS_STAT_H 1
| #define HAVE_STDLIB_H 1
| #define HAVE_STRING_H 1
| #define HAVE_MEMORY_H 1
| #define HAVE_STRINGS_H 1
| #define HAVE_INTTYPES_H 1
| #define HAVE_STDINT_H 1
| #define HAVE_UNISTD_H 1
| #define HAVE_DLFCN_H 1
| #define LT_OBJDIR ".libs/"
| /* end confdefs.h.  */
| #include <pthread.h>
| int
| main ()
| {
| pthread_t th; pthread_join(th, 0);
|                      pthread_attr_init(0); pthread_cleanup_push(0, 0);
|                      pthread_create(0,0,0,0); pthread_cleanup_pop(0);
|   ;
|   return 0;
| }
configure:15407: result: no
configure:15315: checking whether pthreads work with -kthread
configure:15398: gcc -o conftest  -kthread   conftest.c   >&5
gcc: error: unrecognized command line option '-kthread'; did you mean '-pthread'?
configure:15398: $? = 1
configure: failed program was:
| /* confdefs.h */
| #define PACKAGE_NAME "Google C++ Testing Framework"
| #define PACKAGE_TARNAME "gtest"
| #define PACKAGE_VERSION "1.6.0"
| #define PACKAGE_STRING "Google C++ Testing Framework 1.6.0"
| #define PACKAGE_BUGREPORT "googletestframework@googlegroups.com"
| #define PACKAGE_URL ""
| #define PACKAGE "gtest"
| #define VERSION "1.6.0"
| #define STDC_HEADERS 1
| #define HAVE_SYS_TYPES_H 1
| #define HAVE_SYS_STAT_H 1
| #define HAVE_STDLIB_H 1
| #define HAVE_STRING_H 1
| #define HAVE_MEMORY_H 1
| #define HAVE_STRINGS_H 1
| #define HAVE_INTTYPES_H 1
| #define HAVE_STDINT_H 1
| #define HAVE_UNISTD_H 1
| #define HAVE_DLFCN_H 1
| #define LT_OBJDIR ".libs/"
| /* end confdefs.h.  */
| #include <pthread.h>
| int
| main ()
| {
| pthread_t th; pthread_join(th, 0);
|                      pthread_attr_init(0); pthread_cleanup_push(0, 0);
|                      pthread_create(0,0,0,0); pthread_cleanup_pop(0);
|   ;
|   return 0;
| }
configure:15407: result: no
configure:15365: checking for the pthreads library -llthread
configure:15398: gcc -o conftest     conftest.c -llthread  >&5
conftest.c: In function 'main':
conftest.c:28:22: warning: null argument where non-null required (argument 1) [-Wnonnull]
                      pthread_attr_init(0); pthread_cleanup_push(0, 0);
                      ^~~~~~~~~~~~~~~~~
conftest.c:29:22: warning: null argument where non-null required (argument 1) [-Wnonnull]
                      pthread_create(0,0,0,0); pthread_cleanup_pop(0);
                      ^~~~~~~~~~~~~~
conftest.c:29:22: warning: null argument where non-null required (argument 3) [-Wnonnull]
/usr/bin/ld: cannot find -llthread
collect2: error: ld returned 1 exit status
configure:15398: $? = 1
configure: failed program was:
| /* confdefs.h */
| #define PACKAGE_NAME "Google C++ Testing Framework"
| #define PACKAGE_TARNAME "gtest"
| #define PACKAGE_VERSION "1.6.0"
| #define PACKAGE_STRING "Google C++ Testing Framework 1.6.0"
| #define PACKAGE_BUGREPORT "googletestframework@googlegroups.com"
| #define PACKAGE_URL ""
| #define PACKAGE "gtest"
| #define VERSION "1.6.0"
| #define STDC_HEADERS 1
| #define HAVE_SYS_TYPES_H 1
| #define HAVE_SYS_STAT_H 1
| #define HAVE_STDLIB_H 1
| #define HAVE_STRING_H 1
| #define HAVE_MEMORY_H 1
| #define HAVE_STRINGS_H 1
| #define HAVE_INTTYPES_H 1
| #define HAVE_STDINT_H 1
| #define HAVE_UNISTD_H 1
| #define HAVE_DLFCN_H 1
| #define LT_OBJDIR ".libs/"
| /* end confdefs.h.  */
| #include <pthread.h>
| int
| main ()
| {
| pthread_t th; pthread_join(th, 0);
|                      pthread_attr_init(0); pthread_cleanup_push(0, 0);
|                      pthread_create(0,0,0,0); pthread_cleanup_pop(0);
|   ;
|   return 0;
| }
configure:15407: result: no
configure:15315: checking whether pthreads work with -pthread
configure:15398: gcc -o conftest  -pthread   conftest.c   >&5
conftest.c: In function 'main':
conftest.c:28:22: warning: null argument where non-null required (argument 1) [-Wnonnull]
                      pthread_attr_init(0); pthread_cleanup_push(0, 0);
                      ^~~~~~~~~~~~~~~~~
conftest.c:29:22: warning: null argument where non-null required (argument 1) [-Wnonnull]
                      pthread_create(0,0,0,0); pthread_cleanup_pop(0);
                      ^~~~~~~~~~~~~~
conftest.c:29:22: warning: null argument where non-null required (argument 3) [-Wnonnull]
configure:15398: $? = 0
configure:15407: result: yes
configure:15426: checking for joinable pthread attribute
configure:15441: gcc -o conftest  -pthread   conftest.c   >&5
configure:15441: $? = 0
configure:15447: result: PTHREAD_CREATE_JOINABLE
configure:15457: checking if more special flags are required for pthreads
configure:15464: result: no
configure:15553: checking whether to check for GCC pthread/shared inconsistencies
configure:15566: gcc -o conftest -shared -fPIC -Wl,-z,defs  -pthread   conftest.c   >&5
configure:15566: $? = 0
configure:15578: result: yes
configure:15584: checking whether -pthread is sufficient with -shared
configure:15599: gcc -o conftest -shared -fPIC -Wl,-z,defs  -pthread   conftest.c   >&5
conftest.c: In function 'main':
conftest.c:28:8: warning: null argument where non-null required (argument 1) [-Wnonnull]
        pthread_attr_init(0); pthread_cleanup_push(0, 0);
        ^~~~~~~~~~~~~~~~~
conftest.c:29:8: warning: null argument where non-null required (argument 1) [-Wnonnull]
        pthread_create(0,0,0,0); pthread_cleanup_pop(0);
        ^~~~~~~~~~~~~~
conftest.c:29:8: warning: null argument where non-null required (argument 3) [-Wnonnull]
configure:15599: $? = 0
configure:15606: result: yes
configure:15855: checking that generated files are newer than configure
configure:15861: result: done
configure:15896: creating ./config.status

## ---------------------- ##
## Running config.status. ##
## ---------------------- ##

This file was extended by Google C++ Testing Framework config.status 1.6.0, which was
generated by GNU Autoconf 2.69.  Invocation command line was

  CONFIG_FILES    = 
  CONFIG_HEADERS  = 
  CONFIG_LINKS    = 
  CONFIG_COMMANDS = 
  $ ./config.status 

on cfs

config.status:1154: creating Makefile
config.status:1154: creating scripts/gtest-config
config.status:1154: creating build-aux/config.h
config.status:1383: executing depfiles commands
config.status:1383: executing libtool commands

## ---------------- ##
## Cache variables. ##
## ---------------- ##

ac_cv_build=x86_64-unknown-linux-gnu
ac_cv_c_compiler_gnu=yes
ac_cv_cxx_compiler_gnu=yes
ac_cv_env_CCC_set=
ac_cv_env_CCC_value=
ac_cv_env_CC_set=
ac_cv_env_CC_value=
ac_cv_env_CFLAGS_set=set
ac_cv_env_CFLAGS_value=
ac_cv_env_CPPFLAGS_set=
ac_cv_env_CPPFLAGS_value=
ac_cv_env_CPP_set=
ac_cv_env_CPP_value=
ac_cv_env_CXXCPP_set=
ac_cv_env_CXXCPP_value=
ac_cv_env_CXXFLAGS_set=set
ac_cv_env_CXXFLAGS_value=' -g -DNDEBUG'
ac_cv_env_CXX_set=
ac_cv_env_CXX_value=
ac_cv_env_LDFLAGS_set=
ac_cv_env_LDFLAGS_value=
ac_cv_env_LIBS_set=
ac_cv_env_LIBS_value=
ac_cv_env_build_alias_set=
ac_cv_env_build_alias_value=
ac_cv_env_host_alias_set=
ac_cv_env_host_alias_value=
ac_cv_env_target_alias_set=
ac_cv_env_target_alias_value=
ac_cv_header_dlfcn_h=yes
ac_cv_header_inttypes_h=yes
ac_cv_header_memory_h=yes
ac_cv_header_stdc=yes
ac_cv_header_stdint_h=yes
ac_cv_header_stdlib_h=yes
ac_cv_header_string_h=yes
ac_cv_header_strings_h=yes
ac_cv_header_sys_stat_h=yes
ac_cv_header_sys_types_h=yes
ac_cv_header_unistd_h=yes
ac_cv_host=x86_64-unknown-linux-gnu
ac_cv_objext=o
ac_cv_path_EGREP='/bin/grep -E'
ac_cv_path_FGREP='/bin/grep -F'
ac_cv_path_GREP=/bin/grep
ac_cv_path_PYTHON=/usr/bin/python
ac_cv_path_SED=/bin/sed
ac_cv_path_install='/usr/bin/install -c'
ac_cv_path_mkdir=/bin/mkdir
ac_cv_prog_AWK=mawk
ac_cv_prog_CPP='gcc -E'
ac_cv_prog_CXXCPP='g++ -E'
ac_cv_prog_ac_ct_AR=ar
ac_cv_prog_ac_ct_CC=gcc
ac_cv_prog_ac_ct_CXX=g++
ac_cv_prog_ac_ct_MANIFEST_TOOL=mt
ac_cv_prog_ac_ct_OBJDUMP=objdump
ac_cv_prog_ac_ct_RANLIB=ranlib
ac_cv_prog_ac_ct_STRIP=strip
ac_cv_prog_cc_c89=
ac_cv_prog_cc_g=yes
ac_cv_prog_cxx_g=yes
ac_cv_prog_make_make_set=yes
am_cv_CC_dependencies_compiler_type=gcc3
am_cv_CXX_dependencies_compiler_type=gcc3
am_cv_make_support_nested_variables=yes
am_cv_prog_cc_c_o=yes
lt_cv_ar_at_file=@
lt_cv_archive_cmds_need_lc=no
lt_cv_deplibs_check_method=pass_all
lt_cv_file_magic_cmd='$MAGIC_CMD'
lt_cv_file_magic_test_file=
lt_cv_ld_reload_flag=-r
lt_cv_nm_interface='BSD nm'
lt_cv_objdir=.libs
lt_cv_path_LD=/usr/bin/ld
lt_cv_path_LDCXX='/usr/bin/ld -m elf_x86_64'
lt_cv_path_NM='/usr/bin/nm -B'
lt_cv_path_mainfest_tool=no
lt_cv_prog_compiler_c_o=yes
lt_cv_prog_compiler_c_o_CXX=yes
lt_cv_prog_compiler_pic='-fPIC -DPIC'
lt_cv_prog_compiler_pic_CXX='-fPIC -DPIC'
lt_cv_prog_compiler_pic_works=yes
lt_cv_prog_compiler_pic_works_CXX=yes
lt_cv_prog_compiler_rtti_exceptions=no
lt_cv_prog_compiler_static_works=yes
lt_cv_prog_compiler_static_works_CXX=yes
lt_cv_prog_gnu_ld=yes
lt_cv_prog_gnu_ldcxx=yes
lt_cv_sharedlib_from_linklib_cmd='printf %s\n'
lt_cv_shlibpath_overrides_runpath=yes
lt_cv_sys_global_symbol_pipe='sed -n -e '\''s/^.*[	 ]\([ABCDGIRSTW][ABCDGIRSTW]*\)[	 ][	 ]*\([_A-Za-z][_A-Za-z0-9]*\)$/\1 \2 \2/p'\'' | sed '\''/ __gnu_lto/d'\'''
lt_cv_sys_global_symbol_to_c_name_address='sed -n -e '\''s/^: \([^ ]*\)[ ]*$/  {\"\1\", (void *) 0},/p'\'' -e '\''s/^[ABCDGIRSTW]* \([^ ]*\) \([^ ]*\)$/  {"\2", (void *) \&\2},/p'\'''
lt_cv_sys_global_symbol_to_c_name_address_lib_prefix='sed -n -e '\''s/^: \([^ ]*\)[ ]*$/  {\"\1\", (void *) 0},/p'\'' -e '\''s/^[ABCDGIRSTW]* \([^ ]*\) \(lib[^ ]*\)$/  {"\2", (void *) \&\2},/p'\'' -e '\''s/^[ABCDGIRSTW]* \([^ ]*\) \([^ ]*\)$/  {"lib\2", (void *) \&\2},/p'\'''
lt_cv_sys_global_symbol_to_cdecl='sed -n -e '\''s/^T .* \(.*\)$/extern int \1();/p'\'' -e '\''s/^[ABCDGIRSTW]* .* \(.*\)$/extern char \1;/p'\'''
lt_cv_sys_max_cmd_len=1572864
lt_cv_to_host_file_cmd=func_convert_file_noop
lt_cv_to_tool_file_cmd=func_convert_file_noop

## ----------------- ##
## Output variables. ##
## ----------------- ##

ACLOCAL='${SHELL} /home/cfs/teamtalk/TeamTalk-master/server/src/protobuf/protobuf-2.6.1/gtest/build-aux/missing aclocal-1.14'
AMDEPBACKSLASH='\'
AMDEP_FALSE='#'
AMDEP_TRUE=''
AMTAR='$${TAR-tar}'
AM_BACKSLASH='\'
AM_DEFAULT_V='$(AM_DEFAULT_VERBOSITY)'
AM_DEFAULT_VERBOSITY='1'
AM_V='$(V)'
AR='ar'
AUTOCONF='${SHELL} /home/cfs/teamtalk/TeamTalk-master/server/src/protobuf/protobuf-2.6.1/gtest/build-aux/missing autoconf'
AUTOHEADER='${SHELL} /home/cfs/teamtalk/TeamTalk-master/server/src/protobuf/protobuf-2.6.1/gtest/build-aux/missing autoheader'
AUTOMAKE='${SHELL} /home/cfs/teamtalk/TeamTalk-master/server/src/protobuf/protobuf-2.6.1/gtest/build-aux/missing automake-1.14'
AWK='mawk'
CC='gcc'
CCDEPMODE='depmode=gcc3'
CFLAGS=''
CPP='gcc -E'
CPPFLAGS=''
CXX='g++'
CXXCPP='g++ -E'
CXXDEPMODE='depmode=gcc3'
CXXFLAGS=' -g -DNDEBUG'
CYGPATH_W='echo'
DEFS='-DHAVE_CONFIG_H'
DEPDIR='.deps'
DLLTOOL='false'
DSYMUTIL=''
DUMPBIN=''
ECHO_C=''
ECHO_N='-n'
ECHO_T=''
EGREP='/bin/grep -E'
EXEEXT=''
FGREP='/bin/grep -F'
GREP='/bin/grep'
HAVE_PTHREADS_FALSE='#'
HAVE_PTHREADS_TRUE=''
HAVE_PYTHON_FALSE='#'
HAVE_PYTHON_TRUE=''
INSTALL_DATA='${INSTALL} -m 644'
INSTALL_PROGRAM='${INSTALL}'
INSTALL_SCRIPT='${INSTALL}'
INSTALL_STRIP_PROGRAM='$(install_sh) -c -s'
LD='/usr/bin/ld -m elf_x86_64'
LDFLAGS=''
LIBOBJS=''
LIBS=''
LIBTOOL='$(SHELL) $(top_builddir)/libtool'
LIPO=''
LN_S='ln -s'
LTLIBOBJS=''
MAKEINFO='${SHELL} /home/cfs/teamtalk/TeamTalk-master/server/src/protobuf/protobuf-2.6.1/gtest/build-aux/missing makeinfo'
MANIFEST_TOOL=':'
MKDIR_P='/bin/mkdir -p'
NM='/usr/bin/nm -B'
NMEDIT=''
OBJDUMP='objdump'
OBJEXT='o'
OTOOL64=''
OTOOL=''
PACKAGE='gtest'
PACKAGE_BUGREPORT='googletestframework@googlegroups.com'
PACKAGE_NAME='Google C++ Testing Framework'
PACKAGE_STRING='Google C++ Testing Framework 1.6.0'
PACKAGE_TARNAME='gtest'
PACKAGE_URL=''
PACKAGE_VERSION='1.6.0'
PATH_SEPARATOR=':'
PTHREAD_CC='gcc'
PTHREAD_CFLAGS='-pthread'
PTHREAD_LIBS=''
PYTHON='/usr/bin/python'
RANLIB='ranlib'
SED='/bin/sed'
SET_MAKE=''
SHELL='/bin/bash'
STRIP='strip'
VERSION='1.6.0'
ac_ct_AR='ar'
ac_ct_CC='gcc'
ac_ct_CXX='g++'
ac_ct_DUMPBIN=''
acx_pthread_config=''
am__EXEEXT_FALSE=''
am__EXEEXT_TRUE='#'
am__fastdepCC_FALSE='#'
am__fastdepCC_TRUE=''
am__fastdepCXX_FALSE='#'
am__fastdepCXX_TRUE=''
am__include='include'
am__isrc=''
am__leading_dot='.'
am__nodep='_no'
am__quote=''
am__tar='$${TAR-tar} chof - "$$tardir"'
am__untar='$${TAR-tar} xf -'
bindir='${exec_prefix}/bin'
build='x86_64-unknown-linux-gnu'
build_alias=''
build_cpu='x86_64'
build_os='linux-gnu'
build_vendor='unknown'
datadir='${datarootdir}'
datarootdir='${prefix}/share'
docdir='${datarootdir}/doc/${PACKAGE_TARNAME}'
dvidir='${docdir}'
exec_prefix='${prefix}'
host='x86_64-unknown-linux-gnu'
host_alias=''
host_cpu='x86_64'
host_os='linux-gnu'
host_vendor='unknown'
htmldir='${docdir}'
includedir='${prefix}/include'
infodir='${datarootdir}/info'
install_sh='${SHELL} /home/cfs/teamtalk/TeamTalk-master/server/src/protobuf/protobuf-2.6.1/gtest/build-aux/install-sh'
libdir='${exec_prefix}/lib'
libexecdir='${exec_prefix}/libexec'
localedir='${datarootdir}/locale'
localstatedir='${prefix}/var'
mandir='${datarootdir}/man'
mkdir_p='$(MKDIR_P)'
oldincludedir='/usr/include'
pdfdir='${docdir}'
prefix='/home/cfs/teamtalk/TeamTalk-master/server/src/protobuf'
program_transform_name='s,x,x,'
psdir='${docdir}'
sbindir='${exec_prefix}/sbin'
sharedstatedir='${prefix}/com'
sysconfdir='${prefix}/etc'
target_alias=''

## ----------- ##
## confdefs.h. ##
## ----------- ##

/* confdefs.h */
#define PACKAGE_NAME "Google C++ Testing Framework"
#define PACKAGE_TARNAME "gtest"
#define PACKAGE_VERSION "1.6.0"
#define PACKAGE_STRING "Google C++ Testing Framework 1.6.0"
#define PACKAGE_BUGREPORT "googletestframework@googlegroups.com"
#define PACKAGE_URL ""
#define PACKAGE "gtest"
#define VERSION "1.6.0"
#define STDC_HEADERS 1
#define HAVE_SYS_TYPES_H 1
#define HAVE_SYS_STAT_H 1
#define HAVE_STDLIB_H 1
#define HAVE_STRING_H 1
#define HAVE_MEMORY_H 1
#define HAVE_STRINGS_H 1
#define HAVE_INTTYPES_H 1
#define HAVE_STDINT_H 1
#define HAVE_UNISTD_H 1
#define HAVE_DLFCN_H 1
#define LT_OBJDIR ".libs/"
#define HAVE_PTHREAD 1

configure: exit 0
